<?xml version="1.0" encoding="UTF-8"?>
<!-- Generated by org.testng.reporters.JUnitXMLReporter -->
<testsuite ignored="0" hostname="DESKTOP-UBRALUS" failures="1" tests="2" name="Test" time="48.842" errors="0" timestamp="2024-05-21T18:24:38 IST">
  <testcase classname="testCases.TC_001_AccountRegistrationTest" name="verify_AccountRegistration" time="16.92">
    <failure type="java.lang.AssertionError" message="null">
      <![CDATA[java.lang.AssertionError: null
at testCases.TC_001_AccountRegistrationTest.verify_AccountRegistration(TC_001_AccountRegistrationTest.java:53)
at java.base/java.util.ArrayList.forEach(ArrayList.java:1541)
... Removed 33 stack frames]]>
    </failure>
  </testcase> <!-- verify_AccountRegistration -->
  <testcase classname="testCases.TC_002_LoginTest" name="verify_login" time="15.962"/>
</testsuite> <!-- Test -->
