<?xml version="1.0" encoding="UTF-8"?>
<!-- Generated by org.testng.reporters.JUnitXMLReporter -->
<testsuite ignored="0" hostname="DESKTOP-UBRALUS" failures="1" tests="1" name="Test(failed)" time="25.422" errors="0" timestamp="2024-05-20T19:54:46 IST">
  <testcase classname="testCases.TC_001_AccountRegistrationTest" name="verify_AccountRegistration" time="16.641">
    <failure type="java.lang.AssertionError" message="null">
      <![CDATA[java.lang.AssertionError: null
at testCases.TC_001_AccountRegistrationTest.verify_AccountRegistration(TC_001_AccountRegistrationTest.java:53)
at java.base/java.util.ArrayList.forEach(ArrayList.java:1511)
... Removed 29 stack frames]]>
    </failure>
  </testcase> <!-- verify_AccountRegistration -->
</testsuite> <!-- Test(failed) -->
